<?xml version="1.0" encoding="UTF-8"?>
<testsuite xmlns:xsi="http://www.w3.org/2001/XMLSchema-instance" xsi:noNamespaceSchemaLocation="https://maven.apache.org/surefire/maven-failsafe-plugin/xsd/failsafe-test-report-3.0.xsd" version="3.0" name="com.pluralsight.bdd.AcceptanceTestSuite" time="1.012" tests="3" errors="0" skipped="0" failures="0">
  <properties>
[...]
</properties>
  <testcase name="Earning points when purchasing smoothies #1" classname="Super Smoothie Loyalty Card Program" time="0.251">
    <system-err><![CDATA[SLF4J: Failed to load class "org.slf4j.impl.StaticLoggerBinder".
SLF4J: Defaulting to no-operation (NOP) logger implementation
SLF4J: See http://www.slf4j.org/codes.html#StaticLoggerBinder for further details.
]]></system-err>
  </testcase>
  <testcase name="Earning points when purchasing smoothies #2" classname="Super Smoothie Loyalty Card Program" time="0.012"/>
  <testcase name="Earning points when purchasing smoothies #3" classname="Super Smoothie Loyalty Card Program" time="0.013"/>
</testsuite>